{"C:\\Users\\User\\Desktop\\Namaste-React\\Episode 05 - Let's get Hooked\\src\\components\\Contact.jsx": {"path":"C:\\Users\\User\\Desktop\\Namaste-React\\Episode 05 - Let's get Hooked\\src\\components\\Contact.jsx","statementMap":{"0":{"start":{"line":1,"column":16},"end":{"line":15,"column":1}},"1":{"start":{"line":2,"column":4},"end":{"line":14,"column":5}}},"fnMap":{"0":{"name":"(anonymous_0)","decl":{"start":{"line":1,"column":16},"end":{"line":1,"column":17}},"loc":{"start":{"line":1,"column":22},"end":{"line":15,"column":1}},"line":1}},"branchMap":{},"s":{"0":1,"1":4},"f":{"0":4},"b":{},"_coverageSchema":"1a1c01bbd47fc00a2c39e90264f33305004495a9","hash":"651790b04630bb1c02905aa88575fb602c5a8094"}
,"C:\\Users\\User\\Desktop\\Namaste-React\\Episode 05 - Let's get Hooked\\src\\components\\Header.jsx": {"path":"C:\\Users\\User\\Desktop\\Namaste-React\\Episode 05 - Let's get Hooked\\src\\components\\Header.jsx","statementMap":{"0":{"start":{"line":8,"column":15},"end":{"line":57,"column":1}},"1":{"start":{"line":11,"column":34},"end":{"line":11,"column":51}},"2":{"start":{"line":13,"column":25},"end":{"line":13,"column":42}},"3":{"start":{"line":15,"column":29},"end":{"line":15,"column":52}},"4":{"start":{"line":17,"column":23},"end":{"line":17,"column":124}},"5":{"start":{"line":20,"column":22},"end":{"line":20,"column":62}},"6":{"start":{"line":20,"column":45},"end":{"line":20,"column":61}},"7":{"start":{"line":21,"column":4},"end":{"line":21,"column":27}},"8":{"start":{"line":24,"column":4},"end":{"line":56,"column":5}},"9":{"start":{"line":51,"column":20},"end":{"line":51,"column":84}}},"fnMap":{"0":{"name":"(anonymous_0)","decl":{"start":{"line":8,"column":15},"end":{"line":8,"column":16}},"loc":{"start":{"line":8,"column":21},"end":{"line":57,"column":1}},"line":8},"1":{"name":"(anonymous_1)","decl":{"start":{"line":20,"column":34},"end":{"line":20,"column":35}},"loc":{"start":{"line":20,"column":45},"end":{"line":20,"column":61}},"line":20},"2":{"name":"(anonymous_2)","decl":{"start":{"line":50,"column":251},"end":{"line":50,"column":252}},"loc":{"start":{"line":50,"column":257},"end":{"line":52,"column":17}},"line":50}},"branchMap":{"0":{"loc":{"start":{"line":48,"column":39},"end":{"line":48,"column":83}},"type":"cond-expr","locations":[{"start":{"line":48,"column":54},"end":{"line":48,"column":68}},{"start":{"line":48,"column":71},"end":{"line":48,"column":83}}],"line":48},"1":{"loc":{"start":{"line":50,"column":38},"end":{"line":50,"column":88}},"type":"cond-expr","locations":[{"start":{"line":50,"column":59},"end":{"line":50,"column":73}},{"start":{"line":50,"column":76},"end":{"line":50,"column":88}}],"line":50},"2":{"loc":{"start":{"line":51,"column":20},"end":{"line":51,"column":84}},"type":"cond-expr","locations":[{"start":{"line":51,"column":42},"end":{"line":51,"column":62}},{"start":{"line":51,"column":65},"end":{"line":51,"column":84}}],"line":51}},"s":{"0":1,"1":1,"2":1,"3":1,"4":1,"5":1,"6":2,"7":1,"8":1,"9":0},"f":{"0":1,"1":2,"2":0},"b":{"0":[1,0],"1":[1,0],"2":[0,0]},"_coverageSchema":"1a1c01bbd47fc00a2c39e90264f33305004495a9","hash":"8feff1c499bf4ebc3653d4a1dacb01738addd6a3"}
,"C:\\Users\\User\\Desktop\\Namaste-React\\Episode 05 - Let's get Hooked\\src\\components\\RestaurantCard.jsx": {"path":"C:\\Users\\User\\Desktop\\Namaste-React\\Episode 05 - Let's get Hooked\\src\\components\\RestaurantCard.jsx","statementMap":{"0":{"start":{"line":5,"column":23},"end":{"line":35,"column":1}},"1":{"start":{"line":6,"column":24},"end":{"line":6,"column":29}},"2":{"start":{"line":8,"column":29},"end":{"line":8,"column":52}},"3":{"start":{"line":16,"column":8},"end":{"line":16,"column":21}},"4":{"start":{"line":18,"column":4},"end":{"line":34,"column":5}}},"fnMap":{"0":{"name":"(anonymous_0)","decl":{"start":{"line":5,"column":23},"end":{"line":5,"column":24}},"loc":{"start":{"line":5,"column":34},"end":{"line":35,"column":1}},"line":5}},"branchMap":{},"s":{"0":1,"1":1,"2":1,"3":1,"4":1},"f":{"0":1},"b":{},"_coverageSchema":"1a1c01bbd47fc00a2c39e90264f33305004495a9","hash":"8d52635b602b0516dcafb402a9097ec28120ca50"}
,"C:\\Users\\User\\Desktop\\Namaste-React\\Episode 05 - Let's get Hooked\\src\\components\\Sum.jsx": {"path":"C:\\Users\\User\\Desktop\\Namaste-React\\Episode 05 - Let's get Hooked\\src\\components\\Sum.jsx","statementMap":{"0":{"start":{"line":1,"column":19},"end":{"line":3,"column":1}},"1":{"start":{"line":2,"column":4},"end":{"line":2,"column":17}}},"fnMap":{"0":{"name":"(anonymous_0)","decl":{"start":{"line":1,"column":19},"end":{"line":1,"column":20}},"loc":{"start":{"line":1,"column":29},"end":{"line":3,"column":1}},"line":1}},"branchMap":{},"s":{"0":1,"1":1},"f":{"0":1},"b":{},"_coverageSchema":"1a1c01bbd47fc00a2c39e90264f33305004495a9","hash":"341f32895b27a89ad965b9ce5326891e169cce61"}
,"C:\\Users\\User\\Desktop\\Namaste-React\\Episode 05 - Let's get Hooked\\src\\utils\\UserContext.js": {"path":"C:\\Users\\User\\Desktop\\Namaste-React\\Episode 05 - Let's get Hooked\\src\\utils\\UserContext.js","statementMap":{"0":{"start":{"line":3,"column":20},"end":{"line":5,"column":2}}},"fnMap":{},"branchMap":{},"s":{"0":2},"f":{},"b":{},"_coverageSchema":"1a1c01bbd47fc00a2c39e90264f33305004495a9","hash":"9ff23bb7099ffbdf5fffd42a0dd778b713f1aa65"}
,"C:\\Users\\User\\Desktop\\Namaste-React\\Episode 05 - Let's get Hooked\\src\\utils\\appStore.js": {"path":"C:\\Users\\User\\Desktop\\Namaste-React\\Episode 05 - Let's get Hooked\\src\\utils\\appStore.js","statementMap":{"0":{"start":{"line":4,"column":17},"end":{"line":8,"column":2}}},"fnMap":{},"branchMap":{},"s":{"0":1},"f":{},"b":{},"_coverageSchema":"1a1c01bbd47fc00a2c39e90264f33305004495a9","hash":"d758d0fc042b75ed6b66d9999d937a3845f31c9a"}
,"C:\\Users\\User\\Desktop\\Namaste-React\\Episode 05 - Let's get Hooked\\src\\utils\\cartSlice.js": {"path":"C:\\Users\\User\\Desktop\\Namaste-React\\Episode 05 - Let's get Hooked\\src\\utils\\cartSlice.js","statementMap":{"0":{"start":{"line":4,"column":18},"end":{"line":20,"column":2}},"1":{"start":{"line":11,"column":12},"end":{"line":11,"column":44}},"2":{"start":{"line":14,"column":12},"end":{"line":14,"column":29}},"3":{"start":{"line":17,"column":12},"end":{"line":17,"column":34}},"4":{"start":{"line":23,"column":50},"end":{"line":23,"column":67}}},"fnMap":{"0":{"name":"(anonymous_0)","decl":{"start":{"line":10,"column":17},"end":{"line":10,"column":18}},"loc":{"start":{"line":10,"column":36},"end":{"line":12,"column":9}},"line":10},"1":{"name":"(anonymous_1)","decl":{"start":{"line":13,"column":20},"end":{"line":13,"column":21}},"loc":{"start":{"line":13,"column":39},"end":{"line":15,"column":9}},"line":13},"2":{"name":"(anonymous_2)","decl":{"start":{"line":16,"column":19},"end":{"line":16,"column":20}},"loc":{"start":{"line":16,"column":38},"end":{"line":18,"column":9}},"line":16}},"branchMap":{},"s":{"0":1,"1":0,"2":0,"3":0,"4":1},"f":{"0":0,"1":0,"2":0},"b":{},"_coverageSchema":"1a1c01bbd47fc00a2c39e90264f33305004495a9","hash":"dd039d9a0542623873f234b8b603094052af7fae"}
,"C:\\Users\\User\\Desktop\\Namaste-React\\Episode 05 - Let's get Hooked\\src\\utils\\constants.js": {"path":"C:\\Users\\User\\Desktop\\Namaste-React\\Episode 05 - Let's get Hooked\\src\\utils\\constants.js","statementMap":{"0":{"start":{"line":1,"column":23},"end":{"line":1,"column":100}},"1":{"start":{"line":3,"column":24},"end":{"line":3,"column":262}},"2":{"start":{"line":5,"column":24},"end":{"line":5,"column":154}},"3":{"start":{"line":7,"column":30},"end":{"line":7,"column":175}}},"fnMap":{},"branchMap":{},"s":{"0":2,"1":2,"2":2,"3":2},"f":{},"b":{},"_coverageSchema":"1a1c01bbd47fc00a2c39e90264f33305004495a9","hash":"446c639bbb0aa45b6263c3dda77c4d3b03af0f23"}
,"C:\\Users\\User\\Desktop\\Namaste-React\\Episode 05 - Let's get Hooked\\src\\utils\\useOnlineStatus.js": {"path":"C:\\Users\\User\\Desktop\\Namaste-React\\Episode 05 - Let's get Hooked\\src\\utils\\useOnlineStatus.js","statementMap":{"0":{"start":{"line":3,"column":24},"end":{"line":21,"column":1}},"1":{"start":{"line":6,"column":44},"end":{"line":6,"column":58}},"2":{"start":{"line":8,"column":4},"end":{"line":12,"column":10}},"3":{"start":{"line":9,"column":8},"end":{"line":11,"column":10}},"4":{"start":{"line":10,"column":12},"end":{"line":10,"column":34}},"5":{"start":{"line":14,"column":4},"end":{"line":18,"column":10}},"6":{"start":{"line":15,"column":8},"end":{"line":17,"column":10}},"7":{"start":{"line":16,"column":12},"end":{"line":16,"column":33}},"8":{"start":{"line":20,"column":4},"end":{"line":20,"column":24}}},"fnMap":{"0":{"name":"(anonymous_0)","decl":{"start":{"line":3,"column":24},"end":{"line":3,"column":25}},"loc":{"start":{"line":3,"column":30},"end":{"line":21,"column":1}},"line":3},"1":{"name":"(anonymous_1)","decl":{"start":{"line":8,"column":14},"end":{"line":8,"column":15}},"loc":{"start":{"line":8,"column":20},"end":{"line":12,"column":5}},"line":8},"2":{"name":"(anonymous_2)","decl":{"start":{"line":9,"column":43},"end":{"line":9,"column":44}},"loc":{"start":{"line":9,"column":49},"end":{"line":11,"column":9}},"line":9},"3":{"name":"(anonymous_3)","decl":{"start":{"line":14,"column":14},"end":{"line":14,"column":15}},"loc":{"start":{"line":14,"column":20},"end":{"line":18,"column":5}},"line":14},"4":{"name":"(anonymous_4)","decl":{"start":{"line":15,"column":42},"end":{"line":15,"column":43}},"loc":{"start":{"line":15,"column":48},"end":{"line":17,"column":9}},"line":15}},"branchMap":{},"s":{"0":1,"1":1,"2":1,"3":1,"4":0,"5":1,"6":1,"7":0,"8":1},"f":{"0":1,"1":1,"2":0,"3":1,"4":0},"b":{},"_coverageSchema":"1a1c01bbd47fc00a2c39e90264f33305004495a9","hash":"9c901117255c307333cb3f3c8bd3bab9f03de8c6"}
}
